build/app/intermediates/manifest_merge_blame_file/debug/manifest-merger-blame-debug-report.txt
1<?xml version="1.0" encoding="utf-8"?>
2<manifest xmlns:android="http://schemas.android.com/apk/res/android"
3    package="com.hasthiya.cleanconnect"
4    android:versionCode="1"
5    android:versionName="1.0.0" >
6
7    <uses-sdk
8        android:minSdkVersion="21"
9        android:targetSdkVersion="33" />
10    <!--
11         The INTERNET permission is required for development. Specifically,
12         the Flutter tool needs it to communicate with the running application
13         to allow setting breakpoints, to provide hot reload, etc.
14    -->
15    <uses-permission android:name="android.permission.INTERNET" />
15-->src/main/AndroidManifest.xml:4:5-67
15-->src/main/AndroidManifest.xml:4:22-64
16    <uses-permission android:name="android.permission.READ_EXTERNAL_STORAGE" />
16-->src/main/AndroidManifest.xml:2:5-79
16-->src/main/AndroidManifest.xml:2:22-77
17    <uses-permission android:name="android.permission.WRITE_EXTERNAL_STORAGE" />
17-->src/main/AndroidManifest.xml:3:5-80
17-->src/main/AndroidManifest.xml:3:22-78
18    <uses-permission android:name="android.permission.READ_MEDIA_IMAGES" />
18-->src/main/AndroidManifest.xml:5:5-76
18-->src/main/AndroidManifest.xml:5:22-73
19    <uses-permission android:name="android.permission.CAMERA" />
19-->src/main/AndroidManifest.xml:6:5-64
19-->src/main/AndroidManifest.xml:6:22-62
20    <uses-permission android:name="android.permission.WAKE_LOCK" />
20-->[:firebase_messaging] AndroidManifest.xml:10:5-68
20-->[:firebase_messaging] AndroidManifest.xml:10:22-65
21    <uses-permission android:name="android.permission.ACCESS_NETWORK_STATE" /> <!-- Permissions options for the `notification` group -->
21-->[:firebase_messaging] AndroidManifest.xml:11:5-79
21-->[:firebase_messaging] AndroidManifest.xml:11:22-76
22    <uses-permission android:name="android.permission.POST_NOTIFICATIONS" />
22-->[:firebase_messaging] AndroidManifest.xml:13:5-77
22-->[:firebase_messaging] AndroidManifest.xml:13:22-74
23
24    <queries>
24-->[:file_picker] AndroidManifest.xml:11:5-17:15
25        <intent>
25-->[:file_picker] AndroidManifest.xml:12:9-16:18
26            <action android:name="android.intent.action.GET_CONTENT" />
26-->[:file_picker] AndroidManifest.xml:13:13-72
26-->[:file_picker] AndroidManifest.xml:13:21-69
27
28            <data android:mimeType="*/*" />
28-->[:file_picker] AndroidManifest.xml:15:13-44
28-->[:file_picker] AndroidManifest.xml:15:19-41
29        </intent>
30    </queries>
31
32    <uses-feature
32-->[:qr_mobile_vision] AndroidManifest.xml:11:5-13:36
33        android:name="android.hardware.camera.autofocus"
33-->[:qr_mobile_vision] AndroidManifest.xml:12:9-57
34        android:required="false" />
34-->[:qr_mobile_vision] AndroidManifest.xml:13:9-33
35
36    <uses-permission android:name="android.permission.FLASHLIGHT" />
36-->[:qr_mobile_vision] AndroidManifest.xml:15:5-69
36-->[:qr_mobile_vision] AndroidManifest.xml:15:22-66
37
38    <uses-feature
38-->[:qr_mobile_vision] AndroidManifest.xml:17:5-19:36
39        android:name="android.hardware.camera"
39-->[:qr_mobile_vision] AndroidManifest.xml:18:9-47
40        android:required="false" />
40-->[:qr_mobile_vision] AndroidManifest.xml:19:9-33
41    <uses-feature
41-->[:qr_mobile_vision] AndroidManifest.xml:20:5-22:36
42        android:name="android.hardware.camera.flash"
42-->[:qr_mobile_vision] AndroidManifest.xml:21:9-53
43        android:required="false" />
43-->[:qr_mobile_vision] AndroidManifest.xml:22:9-33
44
45    <uses-permission android:name="android.permission.CALL_PHONE" />
45-->[:flutter_phone_direct_caller] AndroidManifest.xml:9:5-69
45-->[:flutter_phone_direct_caller] AndroidManifest.xml:9:22-66
46
47    <uses-feature
47-->[:flutter_phone_direct_caller] AndroidManifest.xml:11:5-13:36
48        android:name="android.hardware.telephony"
48-->[:flutter_phone_direct_caller] AndroidManifest.xml:12:9-50
49        android:required="false" /> <!-- Required by older versions of Google Play services to create IID tokens -->
49-->[:flutter_phone_direct_caller] AndroidManifest.xml:13:9-33
50    <uses-permission android:name="com.google.android.c2dm.permission.RECEIVE" />
50-->[com.google.firebase:firebase-iid:21.1.0] AndroidManifest.xml:26:5-82
50-->[com.google.firebase:firebase-iid:21.1.0] AndroidManifest.xml:26:22-79
51
52    <permission
52-->[androidx.core:core:1.10.1] AndroidManifest.xml:22:5-24:47
53        android:name="com.hasthiya.cleanconnect.DYNAMIC_RECEIVER_NOT_EXPORTED_PERMISSION"
53-->[androidx.core:core:1.10.1] AndroidManifest.xml:23:9-81
54        android:protectionLevel="signature" />
54-->[androidx.core:core:1.10.1] AndroidManifest.xml:24:9-44
55
56    <uses-permission android:name="com.hasthiya.cleanconnect.DYNAMIC_RECEIVER_NOT_EXPORTED_PERMISSION" />
56-->[androidx.core:core:1.10.1] AndroidManifest.xml:26:5-97
56-->[androidx.core:core:1.10.1] AndroidManifest.xml:26:22-94
57
58    <application
59        android:name="android.app.Application"
60        android:appComponentFactory="androidx.core.app.CoreComponentFactory"
60-->[androidx.core:core:1.10.1] AndroidManifest.xml:28:18-86
61        android:debuggable="true"
62        android:icon="@mipmap/launcher_icon"
63        android:label="clean_connector" >
64        <activity
65            android:name="com.hasthiya.cleanconnect.MainActivity"
66            android:configChanges="orientation|keyboardHidden|keyboard|screenSize|smallestScreenSize|locale|layoutDirection|fontScale|screenLayout|density|uiMode"
67            android:exported="true"
68            android:hardwareAccelerated="true"
69            android:launchMode="singleTop"
70            android:theme="@style/LaunchTheme"
71            android:windowSoftInputMode="adjustResize" >
72
73            <!--
74                 Specifies an Android theme to apply to this Activity as soon as
75                 the Android process has started. This theme is visible to the user
76                 while the Flutter UI initializes. After that, this theme continues
77                 to determine the Window background behind the Flutter UI.
78            -->
79            <meta-data
80                android:name="io.flutter.embedding.android.NormalTheme"
81                android:resource="@style/NormalTheme" />
82
83            <intent-filter>
84                <action android:name="android.intent.action.MAIN" />
85
86                <category android:name="android.intent.category.LAUNCHER" />
87            </intent-filter>
88        </activity>
89        <!--
90             Don't delete the meta-data below.
91             This is used by the Flutter tool to generate GeneratedPluginRegistrant.java
92        -->
93        <meta-data
94            android:name="flutterEmbedding"
95            android:value="2" />
96
97        <service
97-->[:cloud_firestore] AndroidManifest.xml:10:9-14:19
98            android:name="com.google.firebase.components.ComponentDiscoveryService"
98-->[:cloud_firestore] AndroidManifest.xml:10:18-89
99            android:directBootAware="true"
99-->[com.google.firebase:firebase-common:20.4.2] AndroidManifest.xml:32:13-43
100            android:exported="false" >
100-->[com.google.firebase:firebase-firestore:24.9.1] AndroidManifest.xml:16:13-37
101            <meta-data
101-->[:cloud_firestore] AndroidManifest.xml:11:13-13:85
102                android:name="com.google.firebase.components:io.flutter.plugins.firebase.firestore.FlutterFirebaseFirestoreRegistrar"
102-->[:cloud_firestore] AndroidManifest.xml:12:17-134
103                android:value="com.google.firebase.components.ComponentRegistrar" />
103-->[:cloud_firestore] AndroidManifest.xml:13:17-82
104            <meta-data
104-->[:firebase_auth] AndroidManifest.xml:11:13-13:85
105                android:name="com.google.firebase.components:io.flutter.plugins.firebase.auth.FlutterFirebaseAuthRegistrar"
105-->[:firebase_auth] AndroidManifest.xml:12:17-124
106                android:value="com.google.firebase.components.ComponentRegistrar" />
106-->[:firebase_auth] AndroidManifest.xml:13:17-82
107            <meta-data
107-->[:firebase_storage] AndroidManifest.xml:11:13-13:85
108                android:name="com.google.firebase.components:io.flutter.plugins.firebase.storage.FlutterFirebaseAppRegistrar"
108-->[:firebase_storage] AndroidManifest.xml:12:17-126
109                android:value="com.google.firebase.components.ComponentRegistrar" />
109-->[:firebase_storage] AndroidManifest.xml:13:17-82
110            <meta-data
110-->[:firebase_messaging] AndroidManifest.xml:38:13-40:85
111                android:name="com.google.firebase.components:io.flutter.plugins.firebase.messaging.FlutterFirebaseAppRegistrar"
111-->[:firebase_messaging] AndroidManifest.xml:39:17-128
112                android:value="com.google.firebase.components.ComponentRegistrar" />
112-->[:firebase_messaging] AndroidManifest.xml:40:17-82
113            <meta-data
113-->[:firebase_core] AndroidManifest.xml:11:13-13:85
114                android:name="com.google.firebase.components:io.flutter.plugins.firebase.core.FlutterFirebaseCoreRegistrar"
114-->[:firebase_core] AndroidManifest.xml:12:17-124
115                android:value="com.google.firebase.components.ComponentRegistrar" />
115-->[:firebase_core] AndroidManifest.xml:13:17-82
116            <meta-data
116-->[com.google.firebase:firebase-firestore:24.9.1] AndroidManifest.xml:17:13-19:85
117                android:name="com.google.firebase.components:com.google.firebase.firestore.FirebaseFirestoreKtxRegistrar"
117-->[com.google.firebase:firebase-firestore:24.9.1] AndroidManifest.xml:18:17-122
118                android:value="com.google.firebase.components.ComponentRegistrar" />
118-->[com.google.firebase:firebase-firestore:24.9.1] AndroidManifest.xml:19:17-82
119            <meta-data
119-->[com.google.firebase:firebase-firestore:24.9.1] AndroidManifest.xml:20:13-22:85
120                android:name="com.google.firebase.components:com.google.firebase.firestore.FirestoreRegistrar"
120-->[com.google.firebase:firebase-firestore:24.9.1] AndroidManifest.xml:21:17-111
121                android:value="com.google.firebase.components.ComponentRegistrar" />
121-->[com.google.firebase:firebase-firestore:24.9.1] AndroidManifest.xml:22:17-82
122            <meta-data
122-->[com.google.firebase:firebase-auth:22.3.0] AndroidManifest.xml:69:13-71:85
123                android:name="com.google.firebase.components:com.google.firebase.auth.FirebaseAuthRegistrar"
123-->[com.google.firebase:firebase-auth:22.3.0] AndroidManifest.xml:70:17-109
124                android:value="com.google.firebase.components.ComponentRegistrar" />
124-->[com.google.firebase:firebase-auth:22.3.0] AndroidManifest.xml:71:17-82
125            <meta-data
125-->[com.google.firebase:firebase-storage:20.3.0] AndroidManifest.xml:30:13-32:85
126                android:name="com.google.firebase.components:com.google.firebase.storage.FirebaseStorageKtxRegistrar"
126-->[com.google.firebase:firebase-storage:20.3.0] AndroidManifest.xml:31:17-118
127                android:value="com.google.firebase.components.ComponentRegistrar" />
127-->[com.google.firebase:firebase-storage:20.3.0] AndroidManifest.xml:32:17-82
128            <meta-data
128-->[com.google.firebase:firebase-storage:20.3.0] AndroidManifest.xml:33:13-35:85
129                android:name="com.google.firebase.components:com.google.firebase.storage.StorageRegistrar"
129-->[com.google.firebase:firebase-storage:20.3.0] AndroidManifest.xml:34:17-107
130                android:value="com.google.firebase.components.ComponentRegistrar" />
130-->[com.google.firebase:firebase-storage:20.3.0] AndroidManifest.xml:35:17-82
131            <meta-data
131-->[com.google.firebase:firebase-iid:21.1.0] AndroidManifest.xml:32:13-34:85
132                android:name="com.google.firebase.components:com.google.firebase.iid.Registrar"
132-->[com.google.firebase:firebase-iid:21.1.0] AndroidManifest.xml:33:17-96
133                android:value="com.google.firebase.components.ComponentRegistrar" />
133-->[com.google.firebase:firebase-iid:21.1.0] AndroidManifest.xml:34:17-82
134            <meta-data
134-->[com.google.firebase:firebase-messaging:23.3.1] AndroidManifest.xml:57:13-59:85
135                android:name="com.google.firebase.components:com.google.firebase.messaging.FirebaseMessagingKtxRegistrar"
135-->[com.google.firebase:firebase-messaging:23.3.1] AndroidManifest.xml:58:17-122
136                android:value="com.google.firebase.components.ComponentRegistrar" />
136-->[com.google.firebase:firebase-messaging:23.3.1] AndroidManifest.xml:59:17-82
137            <meta-data
137-->[com.google.firebase:firebase-messaging:23.3.1] AndroidManifest.xml:60:13-62:85
138                android:name="com.google.firebase.components:com.google.firebase.messaging.FirebaseMessagingRegistrar"
138-->[com.google.firebase:firebase-messaging:23.3.1] AndroidManifest.xml:61:17-119
139                android:value="com.google.firebase.components.ComponentRegistrar" />
139-->[com.google.firebase:firebase-messaging:23.3.1] AndroidManifest.xml:62:17-82
140            <meta-data
140-->[com.google.firebase:firebase-appcheck:17.1.1] AndroidManifest.xml:25:13-27:85
141                android:name="com.google.firebase.components:com.google.firebase.appcheck.FirebaseAppCheckKtxRegistrar"
141-->[com.google.firebase:firebase-appcheck:17.1.1] AndroidManifest.xml:26:17-120
142                android:value="com.google.firebase.components.ComponentRegistrar" />
142-->[com.google.firebase:firebase-appcheck:17.1.1] AndroidManifest.xml:27:17-82
143            <meta-data
143-->[com.google.firebase:firebase-appcheck:17.1.1] AndroidManifest.xml:28:13-30:85
144                android:name="com.google.firebase.components:com.google.firebase.appcheck.FirebaseAppCheckRegistrar"
144-->[com.google.firebase:firebase-appcheck:17.1.1] AndroidManifest.xml:29:17-117
145                android:value="com.google.firebase.components.ComponentRegistrar" />
145-->[com.google.firebase:firebase-appcheck:17.1.1] AndroidManifest.xml:30:17-82
146            <meta-data
146-->[com.google.firebase:firebase-installations:17.2.0] AndroidManifest.xml:15:13-17:85
147                android:name="com.google.firebase.components:com.google.firebase.installations.FirebaseInstallationsKtxRegistrar"
147-->[com.google.firebase:firebase-installations:17.2.0] AndroidManifest.xml:16:17-130
148                android:value="com.google.firebase.components.ComponentRegistrar" />
148-->[com.google.firebase:firebase-installations:17.2.0] AndroidManifest.xml:17:17-82
149            <meta-data
149-->[com.google.firebase:firebase-installations:17.2.0] AndroidManifest.xml:18:13-20:85
150                android:name="com.google.firebase.components:com.google.firebase.installations.FirebaseInstallationsRegistrar"
150-->[com.google.firebase:firebase-installations:17.2.0] AndroidManifest.xml:19:17-127
151                android:value="com.google.firebase.components.ComponentRegistrar" />
151-->[com.google.firebase:firebase-installations:17.2.0] AndroidManifest.xml:20:17-82
152            <meta-data
152-->[com.google.firebase:firebase-common-ktx:20.4.2] AndroidManifest.xml:12:13-14:85
153                android:name="com.google.firebase.components:com.google.firebase.ktx.FirebaseCommonLegacyRegistrar"
153-->[com.google.firebase:firebase-common-ktx:20.4.2] AndroidManifest.xml:13:17-116
154                android:value="com.google.firebase.components.ComponentRegistrar" />
154-->[com.google.firebase:firebase-common-ktx:20.4.2] AndroidManifest.xml:14:17-82
155            <meta-data
155-->[com.google.firebase:firebase-common:20.4.2] AndroidManifest.xml:35:13-37:85
156                android:name="com.google.firebase.components:com.google.firebase.FirebaseCommonKtxRegistrar"
156-->[com.google.firebase:firebase-common:20.4.2] AndroidManifest.xml:36:17-109
157                android:value="com.google.firebase.components.ComponentRegistrar" />
157-->[com.google.firebase:firebase-common:20.4.2] AndroidManifest.xml:37:17-82
158            <meta-data
158-->[com.google.firebase:firebase-datatransport:18.1.7] AndroidManifest.xml:27:13-29:85
159                android:name="com.google.firebase.components:com.google.firebase.datatransport.TransportRegistrar"
159-->[com.google.firebase:firebase-datatransport:18.1.7] AndroidManifest.xml:28:17-115
160                android:value="com.google.firebase.components.ComponentRegistrar" />
160-->[com.google.firebase:firebase-datatransport:18.1.7] AndroidManifest.xml:29:17-82
161        </service>
162        <service
162-->[:firebase_messaging] AndroidManifest.xml:16:9-19:72
163            android:name="io.flutter.plugins.firebase.messaging.FlutterFirebaseMessagingBackgroundService"
163-->[:firebase_messaging] AndroidManifest.xml:17:13-107
164            android:exported="false"
164-->[:firebase_messaging] AndroidManifest.xml:18:13-37
165            android:permission="android.permission.BIND_JOB_SERVICE" />
165-->[:firebase_messaging] AndroidManifest.xml:19:13-69
166        <service
166-->[:firebase_messaging] AndroidManifest.xml:20:9-26:19
167            android:name="io.flutter.plugins.firebase.messaging.FlutterFirebaseMessagingService"
167-->[:firebase_messaging] AndroidManifest.xml:21:13-97
168            android:exported="false" >
168-->[:firebase_messaging] AndroidManifest.xml:22:13-37
169            <intent-filter>
169-->[:firebase_messaging] AndroidManifest.xml:23:13-25:29
170                <action android:name="com.google.firebase.MESSAGING_EVENT" />
170-->[:firebase_messaging] AndroidManifest.xml:24:17-78
170-->[:firebase_messaging] AndroidManifest.xml:24:25-75
171            </intent-filter>
172        </service>
173
174        <receiver
174-->[:firebase_messaging] AndroidManifest.xml:28:9-35:20
175            android:name="io.flutter.plugins.firebase.messaging.FlutterFirebaseMessagingReceiver"
175-->[:firebase_messaging] AndroidManifest.xml:29:13-98
176            android:exported="true"
176-->[:firebase_messaging] AndroidManifest.xml:30:13-36
177            android:permission="com.google.android.c2dm.permission.SEND" >
177-->[:firebase_messaging] AndroidManifest.xml:31:13-73
178            <intent-filter>
178-->[:firebase_messaging] AndroidManifest.xml:32:13-34:29
179                <action android:name="com.google.android.c2dm.intent.RECEIVE" />
179-->[:firebase_messaging] AndroidManifest.xml:33:17-81
179-->[:firebase_messaging] AndroidManifest.xml:33:25-78
180            </intent-filter>
181        </receiver>
182
183        <provider
183-->[:firebase_messaging] AndroidManifest.xml:43:9-47:38
184            android:name="io.flutter.plugins.firebase.messaging.FlutterFirebaseMessagingInitProvider"
184-->[:firebase_messaging] AndroidManifest.xml:44:13-102
185            android:authorities="com.hasthiya.cleanconnect.flutterfirebasemessaginginitprovider"
185-->[:firebase_messaging] AndroidManifest.xml:45:13-88
186            android:exported="false"
186-->[:firebase_messaging] AndroidManifest.xml:46:13-37
187            android:initOrder="99" />
187-->[:firebase_messaging] AndroidManifest.xml:47:13-35
188        <provider
188-->[:image_picker_android] AndroidManifest.xml:10:9-18:20
189            android:name="io.flutter.plugins.imagepicker.ImagePickerFileProvider"
189-->[:image_picker_android] AndroidManifest.xml:11:13-82
190            android:authorities="com.hasthiya.cleanconnect.flutter.image_provider"
190-->[:image_picker_android] AndroidManifest.xml:12:13-74
191            android:exported="false"
191-->[:image_picker_android] AndroidManifest.xml:13:13-37
192            android:grantUriPermissions="true" >
192-->[:image_picker_android] AndroidManifest.xml:14:13-47
193            <meta-data
193-->[:image_picker_android] AndroidManifest.xml:15:13-17:75
194                android:name="android.support.FILE_PROVIDER_PATHS"
194-->[:image_picker_android] AndroidManifest.xml:16:17-67
195                android:resource="@xml/flutter_image_picker_file_paths" />
195-->[:image_picker_android] AndroidManifest.xml:17:17-72
196        </provider>
197
198        <meta-data
198-->[:qr_mobile_vision] AndroidManifest.xml:25:9-27:39
199            android:name="com.google.android.gms.vision.DEPENDENCIES"
199-->[:qr_mobile_vision] AndroidManifest.xml:26:13-70
200            android:value="barcode" />
200-->[:qr_mobile_vision] AndroidManifest.xml:27:13-36
201
202        <activity
202-->[:url_launcher_android] AndroidManifest.xml:10:9-13:74
203            android:name="io.flutter.plugins.urllauncher.WebViewActivity"
203-->[:url_launcher_android] AndroidManifest.xml:11:13-74
204            android:exported="false"
204-->[:url_launcher_android] AndroidManifest.xml:12:13-37
205            android:theme="@android:style/Theme.NoTitleBar.Fullscreen" />
205-->[:url_launcher_android] AndroidManifest.xml:13:13-71
206        <activity
206-->[com.google.firebase:firebase-auth:22.3.0] AndroidManifest.xml:29:9-46:20
207            android:name="com.google.firebase.auth.internal.GenericIdpActivity"
207-->[com.google.firebase:firebase-auth:22.3.0] AndroidManifest.xml:30:13-80
208            android:excludeFromRecents="true"
208-->[com.google.firebase:firebase-auth:22.3.0] AndroidManifest.xml:31:13-46
209            android:exported="true"
209-->[com.google.firebase:firebase-auth:22.3.0] AndroidManifest.xml:32:13-36
210            android:launchMode="singleTask"
210-->[com.google.firebase:firebase-auth:22.3.0] AndroidManifest.xml:33:13-44
211            android:theme="@android:style/Theme.Translucent.NoTitleBar" >
211-->[com.google.firebase:firebase-auth:22.3.0] AndroidManifest.xml:34:13-72
212            <intent-filter>
212-->[com.google.firebase:firebase-auth:22.3.0] AndroidManifest.xml:35:13-45:29
213                <action android:name="android.intent.action.VIEW" />
213-->[com.google.firebase:firebase-auth:22.3.0] AndroidManifest.xml:36:17-69
213-->[com.google.firebase:firebase-auth:22.3.0] AndroidManifest.xml:36:25-66
214
215                <category android:name="android.intent.category.DEFAULT" />
215-->[com.google.firebase:firebase-auth:22.3.0] AndroidManifest.xml:38:17-76
215-->[com.google.firebase:firebase-auth:22.3.0] AndroidManifest.xml:38:27-73
216                <category android:name="android.intent.category.BROWSABLE" />
216-->[com.google.firebase:firebase-auth:22.3.0] AndroidManifest.xml:39:17-78
216-->[com.google.firebase:firebase-auth:22.3.0] AndroidManifest.xml:39:27-75
217
218                <data
218-->[:file_picker] AndroidManifest.xml:15:13-44
219                    android:host="firebase.auth"
220                    android:path="/"
221                    android:scheme="genericidp" />
222            </intent-filter>
223        </activity>
224        <activity
224-->[com.google.firebase:firebase-auth:22.3.0] AndroidManifest.xml:47:9-64:20
225            android:name="com.google.firebase.auth.internal.RecaptchaActivity"
225-->[com.google.firebase:firebase-auth:22.3.0] AndroidManifest.xml:48:13-79
226            android:excludeFromRecents="true"
226-->[com.google.firebase:firebase-auth:22.3.0] AndroidManifest.xml:49:13-46
227            android:exported="true"
227-->[com.google.firebase:firebase-auth:22.3.0] AndroidManifest.xml:50:13-36
228            android:launchMode="singleTask"
228-->[com.google.firebase:firebase-auth:22.3.0] AndroidManifest.xml:51:13-44
229            android:theme="@android:style/Theme.Translucent.NoTitleBar" >
229-->[com.google.firebase:firebase-auth:22.3.0] AndroidManifest.xml:52:13-72
230            <intent-filter>
230-->[com.google.firebase:firebase-auth:22.3.0] AndroidManifest.xml:53:13-63:29
231                <action android:name="android.intent.action.VIEW" />
231-->[com.google.firebase:firebase-auth:22.3.0] AndroidManifest.xml:36:17-69
231-->[com.google.firebase:firebase-auth:22.3.0] AndroidManifest.xml:36:25-66
232
233                <category android:name="android.intent.category.DEFAULT" />
233-->[com.google.firebase:firebase-auth:22.3.0] AndroidManifest.xml:38:17-76
233-->[com.google.firebase:firebase-auth:22.3.0] AndroidManifest.xml:38:27-73
234                <category android:name="android.intent.category.BROWSABLE" />
234-->[com.google.firebase:firebase-auth:22.3.0] AndroidManifest.xml:39:17-78
234-->[com.google.firebase:firebase-auth:22.3.0] AndroidManifest.xml:39:27-75
235
236                <data
236-->[:file_picker] AndroidManifest.xml:15:13-44
237                    android:host="firebase.auth"
238                    android:path="/"
239                    android:scheme="recaptcha" />
240            </intent-filter>
241        </activity>
242
243        <receiver
243-->[com.google.firebase:firebase-messaging:23.3.1] AndroidManifest.xml:29:9-40:20
244            android:name="com.google.firebase.iid.FirebaseInstanceIdReceiver"
244-->[com.google.firebase:firebase-messaging:23.3.1] AndroidManifest.xml:30:13-78
245            android:exported="true"
245-->[com.google.firebase:firebase-messaging:23.3.1] AndroidManifest.xml:31:13-36
246            android:permission="com.google.android.c2dm.permission.SEND" >
246-->[com.google.firebase:firebase-messaging:23.3.1] AndroidManifest.xml:32:13-73
247            <intent-filter>
247-->[:firebase_messaging] AndroidManifest.xml:32:13-34:29
248                <action android:name="com.google.android.c2dm.intent.RECEIVE" />
248-->[:firebase_messaging] AndroidManifest.xml:33:17-81
248-->[:firebase_messaging] AndroidManifest.xml:33:25-78
249            </intent-filter>
250
251            <meta-data
251-->[com.google.firebase:firebase-messaging:23.3.1] AndroidManifest.xml:37:13-39:40
252                android:name="com.google.android.gms.cloudmessaging.FINISHED_AFTER_HANDLED"
252-->[com.google.firebase:firebase-messaging:23.3.1] AndroidManifest.xml:38:17-92
253                android:value="true" />
253-->[com.google.firebase:firebase-messaging:23.3.1] AndroidManifest.xml:39:17-37
254        </receiver>
255        <!--
256             FirebaseMessagingService performs security checks at runtime,
257             but set to not exported to explicitly avoid allowing another app to call it.
258        -->
259        <service
259-->[com.google.firebase:firebase-messaging:23.3.1] AndroidManifest.xml:46:9-53:19
260            android:name="com.google.firebase.messaging.FirebaseMessagingService"
260-->[com.google.firebase:firebase-messaging:23.3.1] AndroidManifest.xml:47:13-82
261            android:directBootAware="true"
261-->[com.google.firebase:firebase-messaging:23.3.1] AndroidManifest.xml:48:13-43
262            android:exported="false" >
262-->[com.google.firebase:firebase-messaging:23.3.1] AndroidManifest.xml:49:13-37
263            <intent-filter android:priority="-500" >
263-->[:firebase_messaging] AndroidManifest.xml:23:13-25:29
264                <action android:name="com.google.firebase.MESSAGING_EVENT" />
264-->[:firebase_messaging] AndroidManifest.xml:24:17-78
264-->[:firebase_messaging] AndroidManifest.xml:24:25-75
265            </intent-filter>
266        </service>
267
268        <provider
268-->[com.google.firebase:firebase-common:20.4.2] AndroidManifest.xml:23:9-28:39
269            android:name="com.google.firebase.provider.FirebaseInitProvider"
269-->[com.google.firebase:firebase-common:20.4.2] AndroidManifest.xml:24:13-77
270            android:authorities="com.hasthiya.cleanconnect.firebaseinitprovider"
270-->[com.google.firebase:firebase-common:20.4.2] AndroidManifest.xml:25:13-72
271            android:directBootAware="true"
271-->[com.google.firebase:firebase-common:20.4.2] AndroidManifest.xml:26:13-43
272            android:exported="false"
272-->[com.google.firebase:firebase-common:20.4.2] AndroidManifest.xml:27:13-37
273            android:initOrder="100" />
273-->[com.google.firebase:firebase-common:20.4.2] AndroidManifest.xml:28:13-36
274
275        <service
275-->[com.google.android.gms:play-services-mlkit-barcode-scanning:18.2.0] AndroidManifest.xml:9:9-15:19
276            android:name="com.google.mlkit.common.internal.MlKitComponentDiscoveryService"
276-->[com.google.android.gms:play-services-mlkit-barcode-scanning:18.2.0] AndroidManifest.xml:10:13-91
277            android:directBootAware="true"
277-->[com.google.mlkit:common:18.7.0] AndroidManifest.xml:17:13-43
278            android:exported="false" >
278-->[com.google.android.gms:play-services-mlkit-barcode-scanning:18.2.0] AndroidManifest.xml:11:13-37
279            <meta-data
279-->[com.google.android.gms:play-services-mlkit-barcode-scanning:18.2.0] AndroidManifest.xml:12:13-14:85
280                android:name="com.google.firebase.components:com.google.mlkit.vision.barcode.internal.BarcodeRegistrar"
280-->[com.google.android.gms:play-services-mlkit-barcode-scanning:18.2.0] AndroidManifest.xml:13:17-120
281                android:value="com.google.firebase.components.ComponentRegistrar" />
281-->[com.google.android.gms:play-services-mlkit-barcode-scanning:18.2.0] AndroidManifest.xml:14:17-82
282            <meta-data
282-->[com.google.mlkit:vision-common:17.3.0] AndroidManifest.xml:12:13-14:85
283                android:name="com.google.firebase.components:com.google.mlkit.vision.common.internal.VisionCommonRegistrar"
283-->[com.google.mlkit:vision-common:17.3.0] AndroidManifest.xml:13:17-124
284                android:value="com.google.firebase.components.ComponentRegistrar" />
284-->[com.google.mlkit:vision-common:17.3.0] AndroidManifest.xml:14:17-82
285            <meta-data
285-->[com.google.mlkit:common:18.7.0] AndroidManifest.xml:20:13-22:85
286                android:name="com.google.firebase.components:com.google.mlkit.common.internal.CommonComponentRegistrar"
286-->[com.google.mlkit:common:18.7.0] AndroidManifest.xml:21:17-120
287                android:value="com.google.firebase.components.ComponentRegistrar" />
287-->[com.google.mlkit:common:18.7.0] AndroidManifest.xml:22:17-82
288        </service>
289
290        <provider
290-->[com.google.mlkit:common:18.7.0] AndroidManifest.xml:9:9-13:38